<?xml version="1.0" encoding="UTF-8"?>
<testng-results skipped="0" failed="0" total="1" passed="1">
  <reporter-output>
  </reporter-output>
  <suite name="Default suite" duration-ms="15861" started-at="2017-05-23T02:12:20Z" finished-at="2017-05-23T02:12:36Z">
    <groups>
    </groups>
    <test name="Default test" duration-ms="15861" started-at="2017-05-23T02:12:20Z" finished-at="2017-05-23T02:12:36Z">
      <class name="testcase.TestCases">
        <test-method status="PASS" signature="firstest(java.lang.String, java.lang.String, java.lang.String, java.lang.String, java.lang.String, java.lang.String, java.lang.String)[pri:0, instance:testcase.TestCases@4566e5bd]" name="firstest" duration-ms="15084" started-at="2017-05-23T07:42:20Z" data-provider="getSheet" finished-at="2017-05-23T07:42:35Z">
          <params>
            <param index="0">
              <value>
                <![CDATA[academy]]>
              </value>
            </param>
            <param index="1">
              <value>
                <![CDATA[academy]]>
              </value>
            </param>
            <param index="2">
              <value>
                <![CDATA[chrome]]>
              </value>
            </param>
            <param index="3">
              <value>
                <![CDATA[http://newtours.demoaut.com/]]>
              </value>
            </param>
            <param index="4">
              <value>
                <![CDATA[2]]>
              </value>
            </param>
            <param index="5">
              <value>
                <![CDATA[3]]>
              </value>
            </param>
            <param index="6">
              <value>
                <![CDATA[3]]>
              </value>
            </param>
          </params>
          <reporter-output>
          </reporter-output>
        </test-method> <!-- firstest -->
        <test-method status="PASS" signature="closeBrower()[pri:0, instance:testcase.TestCases@4566e5bd]" name="closeBrower" is-config="true" duration-ms="144" started-at="2017-05-23T07:42:35Z" finished-at="2017-05-23T07:42:36Z">
          <reporter-output>
          </reporter-output>
        </test-method> <!-- closeBrower -->
      </class> <!-- testcase.TestCases -->
    </test> <!-- Default test -->
  </suite> <!-- Default suite -->
</testng-results>
